0 info it worked if it ends with ok
1 verbose cli [ '/usr/local/bin/node', '/usr/local/bin/npm', 'publish' ]
2 info using npm@3.10.9
3 info using node@v7.2.0
4 verbose publish [ '.' ]
5 silly cache add args [ '.', null ]
6 verbose cache add spec .
7 silly cache add parsed spec Result {
7 silly cache add   raw: '.',
7 silly cache add   scope: null,
7 silly cache add   escapedName: null,
7 silly cache add   name: null,
7 silly cache add   rawSpec: '.',
7 silly cache add   spec: '/Users/zhanghao639/Work/feather2-postpackager-vuehot',
7 silly cache add   type: 'directory' }
8 verbose addLocalDirectory /Users/zhanghao639/.npm/feather2-hook-vuehot/1.0.4/package.tgz not in flight; packing
9 verbose correctMkdir /Users/zhanghao639/.npm correctMkdir not in flight; initializing
10 info lifecycle feather2-hook-vuehot@1.0.4~prepublish: feather2-hook-vuehot@1.0.4
11 silly lifecycle feather2-hook-vuehot@1.0.4~prepublish: no script for prepublish, continuing
12 verbose tar pack [ '/Users/zhanghao639/.npm/feather2-hook-vuehot/1.0.4/package.tgz',
12 verbose tar pack   '/Users/zhanghao639/Work/feather2-postpackager-vuehot' ]
13 verbose tarball /Users/zhanghao639/.npm/feather2-hook-vuehot/1.0.4/package.tgz
14 verbose folder /Users/zhanghao639/Work/feather2-postpackager-vuehot
15 verbose addLocalTarball adding from inside cache /Users/zhanghao639/.npm/feather2-hook-vuehot/1.0.4/package.tgz
16 verbose correctMkdir /Users/zhanghao639/.npm correctMkdir not in flight; initializing
17 silly cache afterAdd feather2-hook-vuehot@1.0.4
18 verbose afterAdd /Users/zhanghao639/.npm/feather2-hook-vuehot/1.0.4/package/package.json not in flight; writing
19 verbose correctMkdir /Users/zhanghao639/.npm correctMkdir not in flight; initializing
20 verbose afterAdd /Users/zhanghao639/.npm/feather2-hook-vuehot/1.0.4/package/package.json written
21 silly publish { name: 'feather2-hook-vuehot',
21 silly publish   version: '1.0.4',
21 silly publish   description: 'feather2的vue模块热更新，无需刷新页面，修改.vue文件即可看到效果，同webpack 注: 只有dev或者debug 环境下，启动watch功能此功能才会生效',
21 silly publish   main: 'index.js',
21 silly publish   scripts: { test: 'echo "Error: no test specified" && exit 1' },
21 silly publish   author: { name: 'jsyczhanghao@sina.com' },
21 silly publish   license: 'ISC',
21 silly publish   dependencies: { 'livereload-server-spec': '^0.2.3', portfinder: '^1.0.13' },
21 silly publish   readme: '# feather2-hook-vuehot\n\nfeather2的vue模块热更新，无需刷新页面，修改.vue文件即可看到效果，同webpack\n注: 只有dev或者debug 环境下，启动watch功能此功能才会生效\n\n### 使用\n\n```sh\nnpm install feather2-hook-vuehot --save-dev\n```\n\nconf/conf.js\n\n```js\nfeather.hook(\'vuehot\');\n//如果ip不对，可进行设置, 正常为127.0.0.1\nfeather.config.set(\'livereload.hostname\', \'ip\');\n```',
21 silly publish   readmeFilename: 'README.md',
21 silly publish   gitHead: '9e654939a2a9baa68a26952292d271bfbad28373',
21 silly publish   _id: 'feather2-hook-vuehot@1.0.4',
21 silly publish   _shasum: '9c29eba9e0ca7ccaa720c527e04b5c9b332e4868',
21 silly publish   _from: '.' }
22 verbose getPublishConfig undefined
23 silly mapToRegistry name feather2-hook-vuehot
24 silly mapToRegistry using default registry
25 silly mapToRegistry registry https://registry.npmjs.org/
26 silly mapToRegistry data Result {
26 silly mapToRegistry   raw: 'feather2-hook-vuehot',
26 silly mapToRegistry   scope: null,
26 silly mapToRegistry   escapedName: 'feather2-hook-vuehot',
26 silly mapToRegistry   name: 'feather2-hook-vuehot',
26 silly mapToRegistry   rawSpec: '',
26 silly mapToRegistry   spec: 'latest',
26 silly mapToRegistry   type: 'tag' }
27 silly mapToRegistry uri https://registry.npmjs.org/feather2-hook-vuehot
28 verbose publish registryBase https://registry.npmjs.org/
29 silly publish uploading /Users/zhanghao639/.npm/feather2-hook-vuehot/1.0.4/package.tgz
30 verbose request uri https://registry.npmjs.org/feather2-hook-vuehot
31 verbose request sending authorization for write operation
32 info attempt registry request try #1 at 16:37:59
33 verbose request using bearer token for auth
34 verbose request id 69a71ce61fcd4d4f
35 http request PUT https://registry.npmjs.org/feather2-hook-vuehot
36 info retry will retry, error on last attempt: Error: socket hang up
37 info attempt registry request try #2 at 16:38:25
38 verbose request using bearer token for auth
39 http request PUT https://registry.npmjs.org/feather2-hook-vuehot
40 info retry will retry, error on last attempt: Error: socket hang up
41 info attempt registry request try #3 at 16:39:33
42 verbose request using bearer token for auth
43 http request PUT https://registry.npmjs.org/feather2-hook-vuehot
44 http 403 https://registry.npmjs.org/feather2-hook-vuehot
45 verbose headers { 'content-type': 'application/json',
45 verbose headers   'cache-control': 'max-age=300',
45 verbose headers   'content-length': '93',
45 verbose headers   'accept-ranges': 'bytes',
45 verbose headers   date: 'Tue, 27 Mar 2018 08:41:24 GMT',
45 verbose headers   via: '1.1 varnish',
45 verbose headers   connection: 'keep-alive',
45 verbose headers   'x-served-by': 'cache-hkg17920-HKG',
45 verbose headers   'x-cache': 'MISS',
45 verbose headers   'x-cache-hits': '0',
45 verbose headers   'x-timer': 'S1522140084.814852,VS0,VE1025',
45 verbose headers   vary: 'Accept-Encoding, Accept' }
46 verbose request invalidating /Users/zhanghao639/.npm/registry.npmjs.org/feather2-hook-vuehot on PUT
47 error publish Failed PUT 403
48 verbose stack Error: You cannot publish over the previously published versions: 1.0.4. : feather2-hook-vuehot
48 verbose stack     at makeError (/usr/local/lib/node_modules/npm/node_modules/npm-registry-client/lib/request.js:302:12)
48 verbose stack     at CachingRegistryClient.<anonymous> (/usr/local/lib/node_modules/npm/node_modules/npm-registry-client/lib/request.js:290:14)
48 verbose stack     at Request._callback (/usr/local/lib/node_modules/npm/node_modules/npm-registry-client/lib/request.js:210:14)
48 verbose stack     at Request.self.callback (/usr/local/lib/node_modules/npm/node_modules/request/request.js:187:22)
48 verbose stack     at emitTwo (events.js:106:13)
48 verbose stack     at Request.emit (events.js:191:7)
48 verbose stack     at Request.<anonymous> (/usr/local/lib/node_modules/npm/node_modules/request/request.js:1048:10)
48 verbose stack     at emitOne (events.js:96:13)
48 verbose stack     at Request.emit (events.js:188:7)
48 verbose stack     at IncomingMessage.<anonymous> (/usr/local/lib/node_modules/npm/node_modules/request/request.js:969:12)
49 verbose statusCode 403
50 verbose pkgid feather2-hook-vuehot
51 verbose cwd /Users/zhanghao639/Work/feather2-postpackager-vuehot
52 error Darwin 16.7.0
53 error argv "/usr/local/bin/node" "/usr/local/bin/npm" "publish"
54 error node v7.2.0
55 error npm  v3.10.9
56 error code E403
57 error You cannot publish over the previously published versions: 1.0.4. : feather2-hook-vuehot
58 error If you need help, you may report this error at:
58 error     <https://github.com/npm/npm/issues>
59 verbose exit [ 1, true ]
